Using device: cpu
Starting with 10 Population:
[Arch(conv=1, acc=0.0000), Arch(conv=1, acc=0.0000), Arch(conv=1, acc=0.0000), Arch(conv=4, acc=0.0000), Arch(conv=2, acc=0.0000), Arch(conv=2, acc=0.0000), Arch(conv=2, acc=0.0000), Arch(conv=1, acc=0.0000), Arch(conv=1, acc=0.0000), Arch(conv=4, acc=0.0000)]


============================================================
Generation 1/5
============================================================
Evaluating architecture 1/10... Fitness: 0.5537, Accuracy: 0.5590
Evaluating architecture 2/10... Fitness: 0.5247, Accuracy: 0.5300
Evaluating architecture 3/10... Fitness: 0.4524, Accuracy: 0.4630
Evaluating architecture 4/10... Fitness: 0.6211, Accuracy: 0.6270
Evaluating architecture 5/10... Fitness: 0.5775, Accuracy: 0.5990
Evaluating architecture 6/10... Fitness: 0.6004, Accuracy: 0.6130
Evaluating architecture 7/10... Fitness: 0.5879, Accuracy: 0.5990
Evaluating architecture 8/10... Fitness: 0.4199, Accuracy: 0.4410
Evaluating architecture 9/10... Fitness: 0.3641, Accuracy: 0.5320
Evaluating architecture 10/10... Fitness: 0.6171, Accuracy: 0.6390

Sorting population in terms of fitness score (high -> low) ...
Best in generation: Arch(conv=4, acc=0.6270)

Best overall: Arch(conv=4, acc=0.6270)

Performing roulette_wheel_selection of total population: 10 ...
Performing Crossover & Mutation ...
Elitism: Keeping top 2 architectures in next generation.
Next Generation: [Arch(conv=4, acc=0.6270), Arch(conv=4, acc=0.6390), Arch(conv=2, acc=0.0000), Arch(conv=1, acc=0.0000), Arch(conv=1, acc=0.0000), Arch(conv=4, acc=0.0000), Arch(conv=2, acc=0.0000), Arch(conv=1, acc=0.0000), Arch(conv=1, acc=0.0000), Arch(conv=1, acc=0.0000)]

============================================================
Generation 2/5
============================================================
Evaluating architecture 1/10... Fitness: 0.6151, Accuracy: 0.6210
Evaluating architecture 2/10... Fitness: 0.6191, Accuracy: 0.6410
Evaluating architecture 3/10... Fitness: 0.5939, Accuracy: 0.6050
Evaluating architecture 4/10... Fitness: 0.2819, Accuracy: 0.3030
Evaluating architecture 5/10... Fitness: 0.5227, Accuracy: 0.5280
Evaluating architecture 6/10... Fitness: 0.6081, Accuracy: 0.6300
Evaluating architecture 7/10... Fitness: 0.4621, Accuracy: 0.4730
Evaluating architecture 8/10... Fitness: 0.4499, Accuracy: 0.4920
Evaluating architecture 9/10... Fitness: 0.5407, Accuracy: 0.5460
Evaluating architecture 10/10... Fitness: 0.4864, Accuracy: 0.4970

Sorting population in terms of fitness score (high -> low) ...
Best in generation: Arch(conv=4, acc=0.6410)

Best overall: Arch(conv=4, acc=0.6270)

Performing roulette_wheel_selection of total population: 10 ...
Performing Crossover & Mutation ...
Elitism: Keeping top 2 architectures in next generation.
Next Generation: [Arch(conv=4, acc=0.6410), Arch(conv=4, acc=0.6210), Arch(conv=1, acc=0.0000), Arch(conv=1, acc=0.0000), Arch(conv=4, acc=0.0000), Arch(conv=4, acc=0.0000), Arch(conv=4, acc=0.0000), Arch(conv=1, acc=0.0000), Arch(conv=2, acc=0.0000), Arch(conv=1, acc=0.0000)]

============================================================
Generation 3/5
============================================================
Evaluating architecture 1/10... Fitness: 0.6111, Accuracy: 0.6330
Evaluating architecture 2/10... Fitness: 0.6251, Accuracy: 0.6310
Evaluating architecture 3/10... Fitness: 0.5487, Accuracy: 0.5540
Evaluating architecture 4/10... Fitness: 0.4954, Accuracy: 0.5060
Evaluating architecture 5/10... Fitness: 0.6201, Accuracy: 0.6420
Evaluating architecture 6/10... Fitness: 0.6211, Accuracy: 0.6430
Evaluating architecture 7/10... Fitness: 0.5805, Accuracy: 0.5840
Evaluating architecture 8/10... Fitness: 0.5124, Accuracy: 0.5230
Evaluating architecture 9/10... Fitness: 0.5568, Accuracy: 0.5780
Evaluating architecture 10/10... Fitness: 0.4809, Accuracy: 0.5230

Sorting population in terms of fitness score (high -> low) ...
Best in generation: Arch(conv=4, acc=0.6310)

Best overall: Arch(conv=4, acc=0.6310)

Performing roulette_wheel_selection of total population: 10 ...
Performing Crossover & Mutation ...
Elitism: Keeping top 2 architectures in next generation.
Next Generation: [Arch(conv=4, acc=0.6310), Arch(conv=4, acc=0.6430), Arch(conv=1, acc=0.0000), Arch(conv=4, acc=0.0000), Arch(conv=1, acc=0.0000), Arch(conv=3, acc=0.0000), Arch(conv=4, acc=0.0000), Arch(conv=1, acc=0.0000), Arch(conv=4, acc=0.0000), Arch(conv=4, acc=0.0000)]

============================================================
Generation 4/5
============================================================
Evaluating architecture 1/10... Fitness: 0.6371, Accuracy: 0.6430
Evaluating architecture 2/10... Fitness: 0.6211, Accuracy: 0.6430
Evaluating architecture 3/10... Fitness: 0.4109, Accuracy: 0.4530
Evaluating architecture 4/10... Fitness: 0.6051, Accuracy: 0.6270
Evaluating architecture 5/10... Fitness: 0.4139, Accuracy: 0.4560
Evaluating architecture 6/10... Fitness: 0.6201, Accuracy: 0.6310
Evaluating architecture 7/10... Fitness: 0.6158, Accuracy: 0.6330
Evaluating architecture 8/10... Fitness: 0.5240, Accuracy: 0.5660
Evaluating architecture 9/10... Fitness: 0.6301, Accuracy: 0.6520
Evaluating architecture 10/10... Fitness: 0.6091, Accuracy: 0.6310

Sorting population in terms of fitness score (high -> low) ...
Best in generation: Arch(conv=4, acc=0.6430)

Best overall: Arch(conv=4, acc=0.6430)

Performing roulette_wheel_selection of total population: 10 ...
Performing Crossover & Mutation ...
Elitism: Keeping top 2 architectures in next generation.
Next Generation: [Arch(conv=4, acc=0.6430), Arch(conv=4, acc=0.6520), Arch(conv=1, acc=0.0000), Arch(conv=4, acc=0.0000), Arch(conv=4, acc=0.0000), Arch(conv=3, acc=0.0000), Arch(conv=4, acc=0.6520), Arch(conv=4, acc=0.0000), Arch(conv=4, acc=0.0000), Arch(conv=3, acc=0.0000)]

============================================================
Generation 5/5
============================================================
Evaluating architecture 1/10... Fitness: 0.6131, Accuracy: 0.6190
Evaluating architecture 2/10... Fitness: 0.6131, Accuracy: 0.6350
Evaluating architecture 3/10... Fitness: 0.4870, Accuracy: 0.5290
Evaluating architecture 4/10... Fitness: 0.5597, Accuracy: 0.6020
Evaluating architecture 5/10... Fitness: 0.5906, Accuracy: 0.6350
Evaluating architecture 6/10... Fitness: 0.6432, Accuracy: 0.6490
Evaluating architecture 7/10... Fitness: 0.6131, Accuracy: 0.6350
Evaluating architecture 8/10... Fitness: 0.6131, Accuracy: 0.6350
Evaluating architecture 9/10... Fitness: 0.5961, Accuracy: 0.6180
Evaluating architecture 10/10... Fitness: 0.6111, Accuracy: 0.6220

Sorting population in terms of fitness score (high -> low) ...
Best in generation: Arch(conv=3, acc=0.6490)

Best overall: Arch(conv=3, acc=0.6490)

Performing roulette_wheel_selection of total population: 10 ...
Performing Crossover & Mutation ...
Elitism: Keeping top 2 architectures in next generation.
Next Generation: [Arch(conv=3, acc=0.6490), Arch(conv=4, acc=0.6190), Arch(conv=4, acc=0.0000), Arch(conv=4, acc=0.0000), Arch(conv=4, acc=0.6180), Arch(conv=2, acc=0.0000), Arch(conv=1, acc=0.0000), Arch(conv=4, acc=0.0000), Arch(conv=4, acc=0.0000), Arch(conv=1, acc=0.0000)]

============================================================
FINAL BEST ARCHITECTURE
============================================================
Genes: {'num_conv': 3, 'conv_configs': [{'filters': 16, 'kernel_size': 5}, {'filters': 32, 'kernel_size': 7}, {'filters': 32, 'kernel_size': 5}], 'pool_type': 'avg', 'activation': 'leaky_relu', 'fc_units': 256}
Accuracy: 0.6490
Fitness: 0.6432

Total parameters: 579,242

Model architecture:
CNN(
  (features): Sequential(
    (0): Conv2d(3, 16, kernel_size=(5, 5), stride=(1, 1), padding=(2, 2))
    (1): BatchNorm2d(16, eps=1e-05, momentum=0.1, affine=True, track_running_stats=True)
    (2): LeakyReLU(negative_slope=0.1, inplace=True)
    (3): Conv2d(16, 32, kernel_size=(7, 7), stride=(1, 1), padding=(3, 3))
    (4): BatchNorm2d(32, eps=1e-05, momentum=0.1, affine=True, track_running_stats=True)
    (5): LeakyReLU(negative_slope=0.1, inplace=True)
    (6): AvgPool2d(kernel_size=2, stride=2, padding=0)
    (7): Conv2d(32, 32, kernel_size=(5, 5), stride=(1, 1), padding=(2, 2))
    (8): BatchNorm2d(32, eps=1e-05, momentum=0.1, affine=True, track_running_stats=True)
    (9): LeakyReLU(negative_slope=0.1, inplace=True)
    (10): AvgPool2d(kernel_size=2, stride=2, padding=0)
  )
  (classifier): Sequential(
    (0): Flatten(start_dim=1, end_dim=-1)
    (1): Linear(in_features=2048, out_features=256, bias=True)
    (2): ReLU(inplace=True)
    (3): Dropout(p=0.5, inplace=False)
    (4): Linear(in_features=256, out_features=10, bias=True)
  )
)
